<?xml version="1.0" encoding="UTF-8"?>
<!-- Generated by org.testng.reporters.JUnitReportReporter -->
<testsuite skipped="0" hostname="DESKTOP-SBGEV0T" name="tests.NewTest" tests="1" failures="0" timestamp="09 juin 2019 23:37:42 GMT" time="82.314" errors="0">
  <testcase name="openMyBlog" time="82.314" classname="tests.NewTest"/>
</testsuite> <!-- tests.NewTest -->
